2025-07-29 08:08:43.912 | INFO     | __main__:parse_arguments:67 - Command line arguments: ['main.py', '2EZ52XUQGE76QUDQWP2I', '5QhCzEV7YqnznzDrFtiHANkhmSeimySgqhUg8PlA', 'edh_pat_e8f324182ecf92cb9e00c84c4c80fa67439e1d0ccc2aa6edaaf38bd7a6d7f91f81bab67c954cffdaea3c36673984db69', '9.05,39.0,9.79,39.5', '0.8']
2025-07-29 08:08:43.912 | INFO     | __main__:parse_arguments:68 - Number of arguments: 6
2025-07-29 08:08:43.912 | INFO     | __main__:parse_arguments:81 - Using bbox from command line: 9.05,39.0,9.79,39.5
2025-07-29 08:08:43.912 | INFO     | __main__:parse_arguments:87 -  Sampled fraction 0.8 as type <class 'float'>
2025-07-29 08:08:43.912 | SUCCESS  | __main__:initialize_env:113 - Loaded environment variables
2025-07-29 08:08:43.912 | INFO     | __main__:main:151 - Current working directory: /root/pcddeltatwin/models
2025-07-29 08:08:43.912 | ERROR    | src.utils:load_config:64 - Configuration file /root/pcddeltatwin/models/models/query_config.yml not found
2025-07-29 08:09:52.714 | INFO     | __main__:parse_arguments:67 - Command line arguments: ['main.py', '2EZ52XUQGE76QUDQWP2I', '5QhCzEV7YqnznzDrFtiHANkhmSeimySgqhUg8PlA', 'edh_pat_e8f324182ecf92cb9e00c84c4c80fa67439e1d0ccc2aa6edaaf38bd7a6d7f91f81bab67c954cffdaea3c36673984db69', '9.05,39.0,9.79,39.5', '0.8']
2025-07-29 08:09:52.714 | INFO     | __main__:parse_arguments:68 - Number of arguments: 6
2025-07-29 08:09:52.714 | INFO     | __main__:parse_arguments:81 - Using bbox from command line: 9.05,39.0,9.79,39.5
2025-07-29 08:09:52.714 | INFO     | __main__:parse_arguments:87 -  Sampled fraction 0.8 as type <class 'float'>
2025-07-29 08:09:52.715 | SUCCESS  | __main__:initialize_env:113 - Loaded environment variables
2025-07-29 08:09:52.715 | INFO     | __main__:main:151 - Current working directory: /root/pcddeltatwin/models
2025-07-29 08:09:52.715 | ERROR    | src.utils:load_config:64 - Configuration file /root/pcddeltatwin/models/models/query_config.yml not found
2025-07-29 08:10:47.625 | INFO     | __main__:parse_arguments:67 - Command line arguments: ['main.py', '2EZ52XUQGE76QUDQWP2I', '5QhCzEV7YqnznzDrFtiHANkhmSeimySgqhUg8PlA', 'edh_pat_e8f324182ecf92cb9e00c84c4c80fa67439e1d0ccc2aa6edaaf38bd7a6d7f91f81bab67c954cffdaea3c36673984db69', '9.05,39.0,9.79,39.5', '0.8']
2025-07-29 08:10:47.625 | INFO     | __main__:parse_arguments:68 - Number of arguments: 6
2025-07-29 08:10:47.625 | INFO     | __main__:parse_arguments:81 - Using bbox from command line: 9.05,39.0,9.79,39.5
2025-07-29 08:10:47.625 | INFO     | __main__:parse_arguments:87 -  Sampled fraction 0.8 as type <class 'float'>
2025-07-29 08:10:47.625 | SUCCESS  | __main__:initialize_env:113 - Loaded environment variables
2025-07-29 08:10:47.625 | INFO     | __main__:main:151 - Current working directory: /root/pcddeltatwin/models
2025-07-29 08:10:47.626 | SUCCESS  | src.utils:load_config:61 - Loaded configuration from /root/pcddeltatwin/models/src/query_config.yml
2025-07-29 08:10:48.091 | INFO     | src.stac:data_query_most_recent:51 - Using date range: 2024-08-03 to 2025-07-29
2025-07-29 08:10:48.091 | INFO     | src.stac:data_query_most_recent:54 - Searching for L2A products from 2024-08-03 to 2025-07-29 in bbox [9.05, 39.0, 9.79, 39.5]
2025-07-29 08:10:51.861 | INFO     | src.stac:data_query_most_recent:72 - Found 74 L2A products
2025-07-29 08:10:51.868 | SUCCESS  | src.stac:data_query_most_recent:85 - L2A: S2B_MSIL2A_20250726T100559_N0511_R022_T32SNJ_20250726T124949 (2025-07-26T10:05:59.024000Z)
2025-07-29 08:10:51.869 | INFO     | __main__:main:163 - Found L2A item: S2B_MSIL2A_20250726T100559_N0511_R022_T32SNJ_20250726T124949 with datetime 2025-07-26T10:05:59.024000Z
2025-07-29 08:10:52.569 | INFO     | __main__:main:178 - Available buckets: ['DIAS', 'EODATA']
2025-07-29 08:10:52.569 | INFO     | __main__:main:182 - Extracted product URL: Sentinel-2/MSI/L2A/2025/07/26/S2B_MSIL2A_20250726T100559_N0511_R022_T32SNJ_20250726T124949.SAFE/GRANULE/L2A_T32SNJ_A043806_20250726T101536/IMG_DATA/R20m/T32SNJ_20250726T100559_TCI_20m.jp2
2025-07-29 08:10:55.783 | INFO     | __main__:main:188 - S2 image saved at: ./T32SNJ_20250726T100559_TCI_20m.jp2
2025-07-29 08:10:57.778 | INFO     | __main__:main:197 - Bounds:BoundingBox(left=499980.0, bottom=4290240.0, right=609780.0, top=4400040.0)
2025-07-29 08:10:57.779 | INFO     | __main__:main:198 - Width: 5490, heigh:5490
2025-07-29 08:10:57.779 | INFO     | __main__:main:204 - Downloading DEM data
2025-07-29 08:11:00.815 | SUCCESS  | __main__:main:209 - DEM loaded sucessfully
2025-07-29 08:11:00.815 | INFO     | __main__:main:211 - Initialize Point Cloud handler
2025-07-29 08:11:28.566 | INFO     | src.utils:generate_point_cloud:396 - Total points before sampling: 30140100
2025-07-29 08:11:32.243 | INFO     | src.utils:downsample:416 - Point cloud downsampled with sample fraction 0.8
2025-07-29 08:11:32.244 | INFO     | __main__:main:219 - Points downsampled by 0.8
2025-07-29 08:11:32.244 | INFO     | __main__:main:222 - Handling Open3D point cloud creation
